2025-10-15 11:43:19.635 | INFO     | app.main:log_requests:21 - GET https://localhost:8000/docs
2025-10-15 11:43:19.636 | INFO     | app.main:log_requests:23 - 200 https://localhost:8000/docs
2025-10-15 11:43:20.001 | INFO     | app.main:log_requests:21 - GET https://localhost:8000/openapi.json
2025-10-15 11:43:20.002 | INFO     | app.main:log_requests:23 - 200 https://localhost:8000/openapi.json
2025-10-15 11:43:28.287 | INFO     | app.main:log_requests:21 - GET https://localhost:8000/api/auth/test
2025-10-15 11:43:28.288 | INFO     | app.main:log_requests:23 - 200 https://localhost:8000/api/auth/test
2025-10-15 11:47:11.056 | INFO     | app.main:log_requests:21 - GET https://localhost:8000/
2025-10-15 11:47:11.057 | INFO     | app.main:log_requests:23 - 200 https://localhost:8000/
2025-10-15 08:49:20.046 | INFO     | app.main:log_requests:32 - GET https://localhost:8000/docs
2025-10-15 08:49:20.047 | INFO     | app.main:log_requests:34 - 200 https://localhost:8000/docs
2025-10-15 08:49:20.187 | INFO     | app.main:log_requests:32 - GET https://localhost:8000/openapi.json
2025-10-15 08:49:20.188 | INFO     | app.main:log_requests:34 - 200 https://localhost:8000/openapi.json
2025-10-17 10:26:20.735 | INFO     | app.main:log_requests:30 - GET https://localhost:8000/docs
2025-10-17 10:26:20.736 | INFO     | app.main:log_requests:32 - 200 https://localhost:8000/docs
2025-10-17 10:26:20.815 | INFO     | app.main:log_requests:30 - GET https://localhost:8000/openapi.json
2025-10-17 10:26:20.817 | INFO     | app.main:log_requests:32 - 200 https://localhost:8000/openapi.json
2025-10-17 10:26:24.345 | INFO     | app.main:log_requests:30 - POST https://localhost:8000/api/auth/register
2025-10-17 10:26:24.346 | INFO     | app.main:log_requests:32 - 500 https://localhost:8000/api/auth/register
2025-10-17 10:26:25.780 | INFO     | app.main:log_requests:30 - POST https://localhost:8000/api/auth/register
2025-10-17 10:26:25.781 | INFO     | app.main:log_requests:32 - 500 https://localhost:8000/api/auth/register
2025-10-17 10:27:07.219 | INFO     | app.main:log_requests:30 - POST https://localhost:8000/api/auth/register
2025-10-17 10:27:07.220 | INFO     | app.main:log_requests:32 - 500 https://localhost:8000/api/auth/register
2025-10-17 10:58:58.863 | INFO     | app.main:log_requests:30 - GET https://localhost:8000/docs
2025-10-17 10:58:58.864 | INFO     | app.main:log_requests:32 - 200 https://localhost:8000/docs
2025-10-17 10:58:59.017 | INFO     | app.main:log_requests:30 - GET https://localhost:8000/openapi.json
2025-10-17 10:58:59.018 | INFO     | app.main:log_requests:32 - 200 https://localhost:8000/openapi.json
2025-10-17 11:56:26.993 | INFO     | app.main:log_requests:30 - POST https://localhost:8000/api/auth/register
2025-10-17 11:56:30.333 | INFO     | app.main:log_requests:32 - 500 https://localhost:8000/api/auth/register
